<html xmlns:math="http://exslt.org/math" xmlns:testng="http://testng.org">
   <head>
      <title>TestNG Results</title>
      <meta http-equiv="content-type" content="text/html; charset=utf-8"></meta>
      <meta http-equiv="pragma" content="no-cache"></meta>
      <meta http-equiv="cache-control" content="max-age=0"></meta>
      <meta http-equiv="cache-control" content="no-cache"></meta>
      <meta http-equiv="cache-control" content="no-store"></meta>
      <LINK rel="stylesheet" href="style.css"></LINK>
      <script type="text/javascript" src="main.js"></script>
   </head>
   <body>
      <table width="100%" style="font-size: 16px; margin-bottom: 10px;" cellspacing="1">
         <tr>
            <td width="100%">
               Test case
               
               <b>Login Tests</b>
            </td>
            <td style="background-color: #FFBBBB; padding: 3px 3px 3px 0;" align="center">
               <div style="width: 50px;">2</div>
            </td>
            <td style="background-color: lightgreen; padding: 3px 3px 3px 0;" align="center">
               <div style="width: 50px;">0</div>
            </td>
            <td style="background-color: #FFFFBB; padding: 3px 3px 3px 0;" align="center">
               <div style="width: 50px;">3</div>
            </td>
            <td align="center" style="background-color: #eaf0f7; padding: 3px 3px 3px 0;">
               <div style="width: 50px;">5</div>
            </td>
            <td align="center"
                style="font-weight: bold; background-color: #eaf0f7; padding: 3px 3px 3px 0;">
               <div style="width: 50px;">0%</div>
            </td>
            <td style="background-color: #eaf0f7; padding: 3px 3px 3px 0;" align="center"
                nowrap="true">34s
               
            </td>
         </tr>
      </table>
      <div style="width: 200px;">
         <label for="groupMethodsCheckBox" style="font-weight: bold; margin: 0;">
            <input id="groupMethodsCheckBox" type="checkbox" onclick="switchTestMethodsView(this)"></input>
            Group by class
            
         </label>
         <br></br>
         <label for="methodsFilter_ALL" style="font-weight: bold; margin: 0;">
            <input id="methodsFilter_ALL" type="checkbox"
                   onclick="testMethodsFilterChanged(this, 'ALL')"></input>
            All
            
         </label>
      </div>
      <label for="methodsFilter_FAIL" style="margin-left: 20px;">
         <input id="methodsFilter_FAIL" type="checkbox"
                onclick="testMethodsFilterChanged(this, 'FAIL')"
                checked=""></input>
         Failed
         
      </label>
      <label for="methodsFilter_PASS">
         <input id="methodsFilter_PASS" type="checkbox"
                onclick="testMethodsFilterChanged(this, 'PASS')"
                checked=""></input>
         Passed
         
      </label>
      <label for="methodsFilter_SKIP">
         <input id="methodsFilter_SKIP" type="checkbox"
                onclick="testMethodsFilterChanged(this, 'SKIP')"
                checked=""></input>
         Skipped
         
      </label>
      <label for="methodsFilter_CONF">
         <input id="methodsFilter_CONF" type="checkbox"
                onclick="testMethodsFilterChanged(this, 'CONF')"></input>
         Config
         
      </label>
      <br></br>
      <div id="testMethodsByStatus">
         <table class="testMethodsTable" cellpadding="0" cellspacing="0">
            <tr class="methodsTableHeader">
               <td width="100%">Name</td>
               <td nowrap="true">Started</td>
               <td nowrap="true">Duration</td>
               <td>Exception</td>
            </tr>
            <tr id="TestCases.LoginTests_verifyErrMsgWhenCompanyIdFieldIsEmpty_byStatus_failed_FAIL1_row"
                class="testMethodStatusFAIL">
               <td width="100%" class="firstMethodCell">
                  <a onclick="toggleDetailsVisibility('TestCases.LoginTests_verifyErrMsgWhenCompanyIdFieldIsEmpty_byStatus_failed_FAIL1_details')">verifyErrMsgWhenCompanyIdFieldIsEmpty({CompanyId Error Message=XrequiredX})</a>
               </td>
               <td nowrap="true">14:43:27</td>
               <td nowrap="true" align="right">18s
                  
               </td>
               <td nowrap="true">
                  <a onclick="toggleDetailsVisibility('TestCases.LoginTests_verifyErrMsgWhenCompanyIdFieldIsEmpty_byStatus_failed_FAIL1_exception')">java.lang.AssertionError: 
                     expected [Test Case should pass successfully] but found [Some Error occured]
                     
                  </a>
                   
                  
               </td>
            </tr>
            <tr>
               <td colspan="4" class="detailsBox">
                  <div id="TestCases.LoginTests_verifyErrMsgWhenCompanyIdFieldIsEmpty_byStatus_failed_FAIL1_details"
                       class="testMethodDetails">
                     <div>
                        <b>Name: </b>verifyErrMsgWhenCompanyIdFieldIsEmpty
                     </div>
                     <div>
                        <b>Signature: </b>verifyErrMsgWhenCompanyIdFieldIsEmpty(java.util.Hashtable)[pri:0, instance:TestCases.LoginTests@23493578]
                     </div>
                     <div>
                        <b>Parameters: </b>
                        
                        {CompanyId Error Message=XrequiredX}
                        
                        
                     </div>
                     <div>
                        <b>Start time: </b>14:43:27
                     </div>
                     <div>
                        <b>End time: </b>14:43:46
                     </div>
                     <div>
                        <b>Duration: </b>18s
                        
                     </div>
                  </div>
               </td>
            </tr>
            <tr>
               <td colspan="4" class="detailsBox">
                  <div id="TestCases.LoginTests_verifyErrMsgWhenCompanyIdFieldIsEmpty_byStatus_failed_FAIL1_exception"
                       class="testMethodDetails">
                     <pre style="padding: 5px; margin: 0;">java.lang.AssertionError: expected [Test Case should pass successfully] but found [Some Error occured]
                        	at org.testng.Assert.fail(Assert.java:94)
                        	at org.testng.Assert.failNotEquals(Assert.java:494)
                        	at org.testng.Assert.assertEquals(Assert.java:123)
                        	at org.testng.Assert.assertEquals(Assert.java:176)
                        	at org.testng.Assert.assertEquals(Assert.java:186)
                        	at TestCases.LoginTests.verifyErrMsgWhenCompanyIdFieldIsEmpty(LoginTests.java:517)
                        	at sun.reflect.NativeMethodAccessorImpl.invoke0(Native Method)
                        	at sun.reflect.NativeMethodAccessorImpl.invoke(Unknown Source)
                        	at sun.reflect.DelegatingMethodAccessorImpl.invoke(Unknown Source)
                        	at java.lang.reflect.Method.invoke(Unknown Source)
                        	at org.testng.internal.MethodInvocationHelper.invokeMethod(MethodInvocationHelper.java:84)
                        	at org.testng.internal.Invoker.invokeMethod(Invoker.java:714)
                        	at org.testng.internal.Invoker.invokeTestMethod(Invoker.java:901)
                        	at org.testng.internal.Invoker.invokeTestMethods(Invoker.java:1231)
                        	at org.testng.internal.TestMethodWorker.invokeTestMethods(TestMethodWorker.java:127)
                        	at org.testng.internal.TestMethodWorker.run(TestMethodWorker.java:111)
                        	at org.testng.TestRunner.privateRun(TestRunner.java:767)
                        	at org.testng.TestRunner.run(TestRunner.java:617)
                        	at org.testng.SuiteRunner.runTest(SuiteRunner.java:334)
                        	at org.testng.SuiteRunner.runSequentially(SuiteRunner.java:329)
                        	at org.testng.SuiteRunner.privateRun(SuiteRunner.java:291)
                        	at org.testng.SuiteRunner.run(SuiteRunner.java:240)
                        	at org.testng.SuiteRunnerWorker.runSuite(SuiteRunnerWorker.java:52)
                        	at org.testng.SuiteRunnerWorker.run(SuiteRunnerWorker.java:86)
                        	at org.testng.TestNG.runSuitesSequentially(TestNG.java:1224)
                        	at org.testng.TestNG.runSuitesLocally(TestNG.java:1149)
                        	at org.testng.TestNG.run(TestNG.java:1057)
                        	at org.testng.TestNG.privateMain(TestNG.java:1364)
                        	at org.testng.TestNG.main(TestNG.java:1333)
                     </pre>
                  </div>
               </td>
            </tr>
            <tr id="TestCases.LoginTests_verifyLoginWithValidCredentials_byStatus_failed_FAIL2_row"
                class="testMethodStatusFAIL">
               <td width="100%" class="firstMethodCell">
                  <a onclick="toggleDetailsVisibility('TestCases.LoginTests_verifyLoginWithValidCredentials_byStatus_failed_FAIL2_details')">verifyLoginWithValidCredentials({Password=, UserName=ValidUsername, Company Id=ValidCompanyId})</a>
               </td>
               <td nowrap="true">14:43:46</td>
               <td nowrap="true" align="right">14s
                  
               </td>
               <td nowrap="true">
                  <a onclick="toggleDetailsVisibility('TestCases.LoginTests_verifyLoginWithValidCredentials_byStatus_failed_FAIL2_exception')">java.lang.AssertionError: 
                     expected [The test case should execute successfully] but found [Some error occured]
                     
                  </a>
                   
                  
               </td>
            </tr>
            <tr>
               <td colspan="4" class="detailsBox">
                  <div id="TestCases.LoginTests_verifyLoginWithValidCredentials_byStatus_failed_FAIL2_details"
                       class="testMethodDetails">
                     <div>
                        <b>Name: </b>verifyLoginWithValidCredentials
                     </div>
                     <div>
                        <b>Signature: </b>verifyLoginWithValidCredentials(java.util.Hashtable)[pri:0, instance:TestCases.LoginTests@23493578]
                     </div>
                     <div>
                        <b>Parameters: </b>
                        
                        {Password=, UserName=ValidUsername, Company Id=ValidCompanyId}
                        
                        
                     </div>
                     <div>
                        <b>Start time: </b>14:43:46
                     </div>
                     <div>
                        <b>End time: </b>14:44:01
                     </div>
                     <div>
                        <b>Duration: </b>14s
                        
                     </div>
                  </div>
               </td>
            </tr>
            <tr>
               <td colspan="4" class="detailsBox">
                  <div id="TestCases.LoginTests_verifyLoginWithValidCredentials_byStatus_failed_FAIL2_exception"
                       class="testMethodDetails">
                     <pre style="padding: 5px; margin: 0;">java.lang.AssertionError: expected [The test case should execute successfully] but found [Some error occured]
                        	at org.testng.Assert.fail(Assert.java:94)
                        	at org.testng.Assert.failNotEquals(Assert.java:494)
                        	at org.testng.Assert.assertEquals(Assert.java:123)
                        	at org.testng.Assert.assertEquals(Assert.java:176)
                        	at org.testng.Assert.assertEquals(Assert.java:186)
                        	at TestCases.LoginTests.verifyLoginWithValidCredentials(LoginTests.java:111)
                        	at sun.reflect.NativeMethodAccessorImpl.invoke0(Native Method)
                        	at sun.reflect.NativeMethodAccessorImpl.invoke(Unknown Source)
                        	at sun.reflect.DelegatingMethodAccessorImpl.invoke(Unknown Source)
                        	at java.lang.reflect.Method.invoke(Unknown Source)
                        	at org.testng.internal.MethodInvocationHelper.invokeMethod(MethodInvocationHelper.java:84)
                        	at org.testng.internal.Invoker.invokeMethod(Invoker.java:714)
                        	at org.testng.internal.Invoker.invokeTestMethod(Invoker.java:901)
                        	at org.testng.internal.Invoker.invokeTestMethods(Invoker.java:1231)
                        	at org.testng.internal.TestMethodWorker.invokeTestMethods(TestMethodWorker.java:127)
                        	at org.testng.internal.TestMethodWorker.run(TestMethodWorker.java:111)
                        	at org.testng.TestRunner.privateRun(TestRunner.java:767)
                        	at org.testng.TestRunner.run(TestRunner.java:617)
                        	at org.testng.SuiteRunner.runTest(SuiteRunner.java:334)
                        	at org.testng.SuiteRunner.runSequentially(SuiteRunner.java:329)
                        	at org.testng.SuiteRunner.privateRun(SuiteRunner.java:291)
                        	at org.testng.SuiteRunner.run(SuiteRunner.java:240)
                        	at org.testng.SuiteRunnerWorker.runSuite(SuiteRunnerWorker.java:52)
                        	at org.testng.SuiteRunnerWorker.run(SuiteRunnerWorker.java:86)
                        	at org.testng.TestNG.runSuitesSequentially(TestNG.java:1224)
                        	at org.testng.TestNG.runSuitesLocally(TestNG.java:1149)
                        	at org.testng.TestNG.run(TestNG.java:1057)
                        	at org.testng.TestNG.privateMain(TestNG.java:1364)
                        	at org.testng.TestNG.main(TestNG.java:1333)
                     </pre>
                  </div>
               </td>
            </tr>
            <tr id="TestCases.LoginTests_verifyErrMsgWhenPasswordFieldIsEmptyOnLoginPage_byStatus_skiped_SKIP1_row"
                class="testMethodStatusSKIP">
               <td width="100%" class="firstMethodCell">
                  <a onclick="toggleDetailsVisibility('TestCases.LoginTests_verifyErrMsgWhenPasswordFieldIsEmptyOnLoginPage_byStatus_skiped_SKIP1_details')">verifyErrMsgWhenPasswordFieldIsEmptyOnLoginPage({Password Error Message=XrequiredX})</a>
               </td>
               <td nowrap="true">14:43:46</td>
               <td nowrap="true" align="right">1 ms
                  
               </td>
               <td nowrap="true">
                  <a onclick="toggleDetailsVisibility('TestCases.LoginTests_verifyErrMsgWhenPasswordFieldIsEmptyOnLoginPage_byStatus_skiped_SKIP1_exception')">org.testng.SkipException: 
                     Run Mode Set to No
                     
                  </a>
                   
                  
               </td>
            </tr>
            <tr>
               <td colspan="4" class="detailsBox">
                  <div id="TestCases.LoginTests_verifyErrMsgWhenPasswordFieldIsEmptyOnLoginPage_byStatus_skiped_SKIP1_details"
                       class="testMethodDetails">
                     <div>
                        <b>Name: </b>verifyErrMsgWhenPasswordFieldIsEmptyOnLoginPage
                     </div>
                     <div>
                        <b>Signature: </b>verifyErrMsgWhenPasswordFieldIsEmptyOnLoginPage(java.util.Hashtable)[pri:0, instance:TestCases.LoginTests@23493578]
                     </div>
                     <div>
                        <b>Parameters: </b>
                        
                        {Password Error Message=XrequiredX}
                        
                        
                     </div>
                     <div>
                        <b>Start time: </b>14:43:46
                     </div>
                     <div>
                        <b>End time: </b>14:43:46
                     </div>
                     <div>
                        <b>Duration: </b>1 ms
                        
                     </div>
                  </div>
               </td>
            </tr>
            <tr>
               <td colspan="4" class="detailsBox">
                  <div id="TestCases.LoginTests_verifyErrMsgWhenPasswordFieldIsEmptyOnLoginPage_byStatus_skiped_SKIP1_exception"
                       class="testMethodDetails">
                     <pre style="padding: 5px; margin: 0;">org.testng.SkipException: Run Mode Set to No
                        	at TestCases.LoginTests.verifyErrMsgWhenPasswordFieldIsEmptyOnLoginPage(LoginTests.java:364)
                        	at sun.reflect.NativeMethodAccessorImpl.invoke0(Native Method)
                        	at sun.reflect.NativeMethodAccessorImpl.invoke(Unknown Source)
                        	at sun.reflect.DelegatingMethodAccessorImpl.invoke(Unknown Source)
                        	at java.lang.reflect.Method.invoke(Unknown Source)
                        	at org.testng.internal.MethodInvocationHelper.invokeMethod(MethodInvocationHelper.java:84)
                        	at org.testng.internal.Invoker.invokeMethod(Invoker.java:714)
                        	at org.testng.internal.Invoker.invokeTestMethod(Invoker.java:901)
                        	at org.testng.internal.Invoker.invokeTestMethods(Invoker.java:1231)
                        	at org.testng.internal.TestMethodWorker.invokeTestMethods(TestMethodWorker.java:127)
                        	at org.testng.internal.TestMethodWorker.run(TestMethodWorker.java:111)
                        	at org.testng.TestRunner.privateRun(TestRunner.java:767)
                        	at org.testng.TestRunner.run(TestRunner.java:617)
                        	at org.testng.SuiteRunner.runTest(SuiteRunner.java:334)
                        	at org.testng.SuiteRunner.runSequentially(SuiteRunner.java:329)
                        	at org.testng.SuiteRunner.privateRun(SuiteRunner.java:291)
                        	at org.testng.SuiteRunner.run(SuiteRunner.java:240)
                        	at org.testng.SuiteRunnerWorker.runSuite(SuiteRunnerWorker.java:52)
                        	at org.testng.SuiteRunnerWorker.run(SuiteRunnerWorker.java:86)
                        	at org.testng.TestNG.runSuitesSequentially(TestNG.java:1224)
                        	at org.testng.TestNG.runSuitesLocally(TestNG.java:1149)
                        	at org.testng.TestNG.run(TestNG.java:1057)
                        	at org.testng.TestNG.privateMain(TestNG.java:1364)
                        	at org.testng.TestNG.main(TestNG.java:1333)
                     </pre>
                  </div>
               </td>
            </tr>
            <tr id="TestCases.LoginTests_verifyErrMsgWhenUserNameFieldIsEmptyOnLoginPage_byStatus_skiped_SKIP2_row"
                class="testMethodStatusSKIP">
               <td width="100%" class="firstMethodCell">
                  <a onclick="toggleDetailsVisibility('TestCases.LoginTests_verifyErrMsgWhenUserNameFieldIsEmptyOnLoginPage_byStatus_skiped_SKIP2_details')">verifyErrMsgWhenUserNameFieldIsEmptyOnLoginPage({UserName Error Message=XrequiredX})</a>
               </td>
               <td nowrap="true">14:43:46</td>
               <td nowrap="true" align="right">1 ms
                  
               </td>
               <td nowrap="true">
                  <a onclick="toggleDetailsVisibility('TestCases.LoginTests_verifyErrMsgWhenUserNameFieldIsEmptyOnLoginPage_byStatus_skiped_SKIP2_exception')">org.testng.SkipException: 
                     Run Mode Set to No
                     
                  </a>
                   
                  
               </td>
            </tr>
            <tr>
               <td colspan="4" class="detailsBox">
                  <div id="TestCases.LoginTests_verifyErrMsgWhenUserNameFieldIsEmptyOnLoginPage_byStatus_skiped_SKIP2_details"
                       class="testMethodDetails">
                     <div>
                        <b>Name: </b>verifyErrMsgWhenUserNameFieldIsEmptyOnLoginPage
                     </div>
                     <div>
                        <b>Signature: </b>verifyErrMsgWhenUserNameFieldIsEmptyOnLoginPage(java.util.Hashtable)[pri:0, instance:TestCases.LoginTests@23493578]
                     </div>
                     <div>
                        <b>Parameters: </b>
                        
                        {UserName Error Message=XrequiredX}
                        
                        
                     </div>
                     <div>
                        <b>Start time: </b>14:43:46
                     </div>
                     <div>
                        <b>End time: </b>14:43:46
                     </div>
                     <div>
                        <b>Duration: </b>1 ms
                        
                     </div>
                  </div>
               </td>
            </tr>
            <tr>
               <td colspan="4" class="detailsBox">
                  <div id="TestCases.LoginTests_verifyErrMsgWhenUserNameFieldIsEmptyOnLoginPage_byStatus_skiped_SKIP2_exception"
                       class="testMethodDetails">
                     <pre style="padding: 5px; margin: 0;">org.testng.SkipException: Run Mode Set to No
                        	at TestCases.LoginTests.verifyErrMsgWhenUserNameFieldIsEmptyOnLoginPage(LoginTests.java:251)
                        	at sun.reflect.NativeMethodAccessorImpl.invoke0(Native Method)
                        	at sun.reflect.NativeMethodAccessorImpl.invoke(Unknown Source)
                        	at sun.reflect.DelegatingMethodAccessorImpl.invoke(Unknown Source)
                        	at java.lang.reflect.Method.invoke(Unknown Source)
                        	at org.testng.internal.MethodInvocationHelper.invokeMethod(MethodInvocationHelper.java:84)
                        	at org.testng.internal.Invoker.invokeMethod(Invoker.java:714)
                        	at org.testng.internal.Invoker.invokeTestMethod(Invoker.java:901)
                        	at org.testng.internal.Invoker.invokeTestMethods(Invoker.java:1231)
                        	at org.testng.internal.TestMethodWorker.invokeTestMethods(TestMethodWorker.java:127)
                        	at org.testng.internal.TestMethodWorker.run(TestMethodWorker.java:111)
                        	at org.testng.TestRunner.privateRun(TestRunner.java:767)
                        	at org.testng.TestRunner.run(TestRunner.java:617)
                        	at org.testng.SuiteRunner.runTest(SuiteRunner.java:334)
                        	at org.testng.SuiteRunner.runSequentially(SuiteRunner.java:329)
                        	at org.testng.SuiteRunner.privateRun(SuiteRunner.java:291)
                        	at org.testng.SuiteRunner.run(SuiteRunner.java:240)
                        	at org.testng.SuiteRunnerWorker.runSuite(SuiteRunnerWorker.java:52)
                        	at org.testng.SuiteRunnerWorker.run(SuiteRunnerWorker.java:86)
                        	at org.testng.TestNG.runSuitesSequentially(TestNG.java:1224)
                        	at org.testng.TestNG.runSuitesLocally(TestNG.java:1149)
                        	at org.testng.TestNG.run(TestNG.java:1057)
                        	at org.testng.TestNG.privateMain(TestNG.java:1364)
                        	at org.testng.TestNG.main(TestNG.java:1333)
                     </pre>
                  </div>
               </td>
            </tr>
            <tr id="TestCases.LoginTests_verifyScreenComponentsOnLoginPage_byStatus_skiped_SKIP3_row"
                class="testMethodStatusSKIP">
               <td width="100%" class="firstMethodCell">
                  <a onclick="toggleDetailsVisibility('TestCases.LoginTests_verifyScreenComponentsOnLoginPage_byStatus_skiped_SKIP3_details')">verifyScreenComponentsOnLoginPage()</a>
               </td>
               <td nowrap="true">14:44:01</td>
               <td nowrap="true" align="right">1 ms
                  
               </td>
               <td nowrap="true">
                  <a onclick="toggleDetailsVisibility('TestCases.LoginTests_verifyScreenComponentsOnLoginPage_byStatus_skiped_SKIP3_exception')">org.testng.SkipException: 
                     Run Mode Set to No
                     
                  </a>
                   
                  
               </td>
            </tr>
            <tr>
               <td colspan="4" class="detailsBox">
                  <div id="TestCases.LoginTests_verifyScreenComponentsOnLoginPage_byStatus_skiped_SKIP3_details"
                       class="testMethodDetails">
                     <div>
                        <b>Name: </b>verifyScreenComponentsOnLoginPage
                     </div>
                     <div>
                        <b>Signature: </b>verifyScreenComponentsOnLoginPage()[pri:0, instance:TestCases.LoginTests@23493578]
                     </div>
                     <div>
                        <b>Start time: </b>14:44:01
                     </div>
                     <div>
                        <b>End time: </b>14:44:01
                     </div>
                     <div>
                        <b>Duration: </b>1 ms
                        
                     </div>
                  </div>
               </td>
            </tr>
            <tr>
               <td colspan="4" class="detailsBox">
                  <div id="TestCases.LoginTests_verifyScreenComponentsOnLoginPage_byStatus_skiped_SKIP3_exception"
                       class="testMethodDetails">
                     <pre style="padding: 5px; margin: 0;">org.testng.SkipException: Run Mode Set to No
                        	at TestCases.LoginTests.verifyScreenComponentsOnLoginPage(LoginTests.java:142)
                        	at sun.reflect.NativeMethodAccessorImpl.invoke0(Native Method)
                        	at sun.reflect.NativeMethodAccessorImpl.invoke(Unknown Source)
                        	at sun.reflect.DelegatingMethodAccessorImpl.invoke(Unknown Source)
                        	at java.lang.reflect.Method.invoke(Unknown Source)
                        	at org.testng.internal.MethodInvocationHelper.invokeMethod(MethodInvocationHelper.java:84)
                        	at org.testng.internal.Invoker.invokeMethod(Invoker.java:714)
                        	at org.testng.internal.Invoker.invokeTestMethod(Invoker.java:901)
                        	at org.testng.internal.Invoker.invokeTestMethods(Invoker.java:1231)
                        	at org.testng.internal.TestMethodWorker.invokeTestMethods(TestMethodWorker.java:127)
                        	at org.testng.internal.TestMethodWorker.run(TestMethodWorker.java:111)
                        	at org.testng.TestRunner.privateRun(TestRunner.java:767)
                        	at org.testng.TestRunner.run(TestRunner.java:617)
                        	at org.testng.SuiteRunner.runTest(SuiteRunner.java:334)
                        	at org.testng.SuiteRunner.runSequentially(SuiteRunner.java:329)
                        	at org.testng.SuiteRunner.privateRun(SuiteRunner.java:291)
                        	at org.testng.SuiteRunner.run(SuiteRunner.java:240)
                        	at org.testng.SuiteRunnerWorker.runSuite(SuiteRunnerWorker.java:52)
                        	at org.testng.SuiteRunnerWorker.run(SuiteRunnerWorker.java:86)
                        	at org.testng.TestNG.runSuitesSequentially(TestNG.java:1224)
                        	at org.testng.TestNG.runSuitesLocally(TestNG.java:1149)
                        	at org.testng.TestNG.run(TestNG.java:1057)
                        	at org.testng.TestNG.privateMain(TestNG.java:1364)
                        	at org.testng.TestNG.main(TestNG.java:1333)
                     </pre>
                  </div>
               </td>
            </tr>
         </table>
      </div>
      <div id="testMethodsByClass" style="display: none;">
         <table class="testMethodsTable" cellpadding="0" cellspacing="0">
            <tr>
               <td colspan="4">
                  <h3 style="display: inline;">TestCases.LoginTests</h3>
               </td>
            </tr>
            <tr class="methodsTableHeader">
               <td width="100%">Name</td>
               <td nowrap="true">Started</td>
               <td nowrap="true">Duration</td>
               <td>Exception</td>
            </tr>
            <tr id="TestCases.LoginTests_verifyErrMsgWhenCompanyIdFieldIsEmpty_byClass_FAIL1_row"
                class="testMethodStatusFAIL">
               <td width="100%" class="firstMethodCell">
                  <a onclick="toggleDetailsVisibility('TestCases.LoginTests_verifyErrMsgWhenCompanyIdFieldIsEmpty_byClass_FAIL1_details')">verifyErrMsgWhenCompanyIdFieldIsEmpty({CompanyId Error Message=XrequiredX})</a>
               </td>
               <td nowrap="true">14:43:27</td>
               <td nowrap="true" align="right">18s
                  
               </td>
               <td nowrap="true">
                  <a onclick="toggleDetailsVisibility('TestCases.LoginTests_verifyErrMsgWhenCompanyIdFieldIsEmpty_byClass_FAIL1_exception')">java.lang.AssertionError: 
                     expected [Test Case should pass successfully] but found [Some Error occured]
                     
                  </a>
                   
                  
               </td>
            </tr>
            <tr>
               <td colspan="4" class="detailsBox">
                  <div id="TestCases.LoginTests_verifyErrMsgWhenCompanyIdFieldIsEmpty_byClass_FAIL1_details"
                       class="testMethodDetails">
                     <div>
                        <b>Name: </b>verifyErrMsgWhenCompanyIdFieldIsEmpty
                     </div>
                     <div>
                        <b>Signature: </b>verifyErrMsgWhenCompanyIdFieldIsEmpty(java.util.Hashtable)[pri:0, instance:TestCases.LoginTests@23493578]
                     </div>
                     <div>
                        <b>Parameters: </b>
                        
                        {CompanyId Error Message=XrequiredX}
                        
                        
                     </div>
                     <div>
                        <b>Start time: </b>14:43:27
                     </div>
                     <div>
                        <b>End time: </b>14:43:46
                     </div>
                     <div>
                        <b>Duration: </b>18s
                        
                     </div>
                  </div>
               </td>
            </tr>
            <tr>
               <td colspan="4" class="detailsBox">
                  <div id="TestCases.LoginTests_verifyErrMsgWhenCompanyIdFieldIsEmpty_byClass_FAIL1_exception"
                       class="testMethodDetails">
                     <pre style="padding: 5px; margin: 0;">java.lang.AssertionError: expected [Test Case should pass successfully] but found [Some Error occured]
                        	at org.testng.Assert.fail(Assert.java:94)
                        	at org.testng.Assert.failNotEquals(Assert.java:494)
                        	at org.testng.Assert.assertEquals(Assert.java:123)
                        	at org.testng.Assert.assertEquals(Assert.java:176)
                        	at org.testng.Assert.assertEquals(Assert.java:186)
                        	at TestCases.LoginTests.verifyErrMsgWhenCompanyIdFieldIsEmpty(LoginTests.java:517)
                        	at sun.reflect.NativeMethodAccessorImpl.invoke0(Native Method)
                        	at sun.reflect.NativeMethodAccessorImpl.invoke(Unknown Source)
                        	at sun.reflect.DelegatingMethodAccessorImpl.invoke(Unknown Source)
                        	at java.lang.reflect.Method.invoke(Unknown Source)
                        	at org.testng.internal.MethodInvocationHelper.invokeMethod(MethodInvocationHelper.java:84)
                        	at org.testng.internal.Invoker.invokeMethod(Invoker.java:714)
                        	at org.testng.internal.Invoker.invokeTestMethod(Invoker.java:901)
                        	at org.testng.internal.Invoker.invokeTestMethods(Invoker.java:1231)
                        	at org.testng.internal.TestMethodWorker.invokeTestMethods(TestMethodWorker.java:127)
                        	at org.testng.internal.TestMethodWorker.run(TestMethodWorker.java:111)
                        	at org.testng.TestRunner.privateRun(TestRunner.java:767)
                        	at org.testng.TestRunner.run(TestRunner.java:617)
                        	at org.testng.SuiteRunner.runTest(SuiteRunner.java:334)
                        	at org.testng.SuiteRunner.runSequentially(SuiteRunner.java:329)
                        	at org.testng.SuiteRunner.privateRun(SuiteRunner.java:291)
                        	at org.testng.SuiteRunner.run(SuiteRunner.java:240)
                        	at org.testng.SuiteRunnerWorker.runSuite(SuiteRunnerWorker.java:52)
                        	at org.testng.SuiteRunnerWorker.run(SuiteRunnerWorker.java:86)
                        	at org.testng.TestNG.runSuitesSequentially(TestNG.java:1224)
                        	at org.testng.TestNG.runSuitesLocally(TestNG.java:1149)
                        	at org.testng.TestNG.run(TestNG.java:1057)
                        	at org.testng.TestNG.privateMain(TestNG.java:1364)
                        	at org.testng.TestNG.main(TestNG.java:1333)
                     </pre>
                  </div>
               </td>
            </tr>
            <tr id="TestCases.LoginTests_verifyErrMsgWhenPasswordFieldIsEmptyOnLoginPage_byClass_SKIP2_row"
                class="testMethodStatusSKIP">
               <td width="100%" class="firstMethodCell">
                  <a onclick="toggleDetailsVisibility('TestCases.LoginTests_verifyErrMsgWhenPasswordFieldIsEmptyOnLoginPage_byClass_SKIP2_details')">verifyErrMsgWhenPasswordFieldIsEmptyOnLoginPage({Password Error Message=XrequiredX})</a>
               </td>
               <td nowrap="true">14:43:46</td>
               <td nowrap="true" align="right">1 ms
                  
               </td>
               <td nowrap="true">
                  <a onclick="toggleDetailsVisibility('TestCases.LoginTests_verifyErrMsgWhenPasswordFieldIsEmptyOnLoginPage_byClass_SKIP2_exception')">org.testng.SkipException: 
                     Run Mode Set to No
                     
                  </a>
                   
                  
               </td>
            </tr>
            <tr>
               <td colspan="4" class="detailsBox">
                  <div id="TestCases.LoginTests_verifyErrMsgWhenPasswordFieldIsEmptyOnLoginPage_byClass_SKIP2_details"
                       class="testMethodDetails">
                     <div>
                        <b>Name: </b>verifyErrMsgWhenPasswordFieldIsEmptyOnLoginPage
                     </div>
                     <div>
                        <b>Signature: </b>verifyErrMsgWhenPasswordFieldIsEmptyOnLoginPage(java.util.Hashtable)[pri:0, instance:TestCases.LoginTests@23493578]
                     </div>
                     <div>
                        <b>Parameters: </b>
                        
                        {Password Error Message=XrequiredX}
                        
                        
                     </div>
                     <div>
                        <b>Start time: </b>14:43:46
                     </div>
                     <div>
                        <b>End time: </b>14:43:46
                     </div>
                     <div>
                        <b>Duration: </b>1 ms
                        
                     </div>
                  </div>
               </td>
            </tr>
            <tr>
               <td colspan="4" class="detailsBox">
                  <div id="TestCases.LoginTests_verifyErrMsgWhenPasswordFieldIsEmptyOnLoginPage_byClass_SKIP2_exception"
                       class="testMethodDetails">
                     <pre style="padding: 5px; margin: 0;">org.testng.SkipException: Run Mode Set to No
                        	at TestCases.LoginTests.verifyErrMsgWhenPasswordFieldIsEmptyOnLoginPage(LoginTests.java:364)
                        	at sun.reflect.NativeMethodAccessorImpl.invoke0(Native Method)
                        	at sun.reflect.NativeMethodAccessorImpl.invoke(Unknown Source)
                        	at sun.reflect.DelegatingMethodAccessorImpl.invoke(Unknown Source)
                        	at java.lang.reflect.Method.invoke(Unknown Source)
                        	at org.testng.internal.MethodInvocationHelper.invokeMethod(MethodInvocationHelper.java:84)
                        	at org.testng.internal.Invoker.invokeMethod(Invoker.java:714)
                        	at org.testng.internal.Invoker.invokeTestMethod(Invoker.java:901)
                        	at org.testng.internal.Invoker.invokeTestMethods(Invoker.java:1231)
                        	at org.testng.internal.TestMethodWorker.invokeTestMethods(TestMethodWorker.java:127)
                        	at org.testng.internal.TestMethodWorker.run(TestMethodWorker.java:111)
                        	at org.testng.TestRunner.privateRun(TestRunner.java:767)
                        	at org.testng.TestRunner.run(TestRunner.java:617)
                        	at org.testng.SuiteRunner.runTest(SuiteRunner.java:334)
                        	at org.testng.SuiteRunner.runSequentially(SuiteRunner.java:329)
                        	at org.testng.SuiteRunner.privateRun(SuiteRunner.java:291)
                        	at org.testng.SuiteRunner.run(SuiteRunner.java:240)
                        	at org.testng.SuiteRunnerWorker.runSuite(SuiteRunnerWorker.java:52)
                        	at org.testng.SuiteRunnerWorker.run(SuiteRunnerWorker.java:86)
                        	at org.testng.TestNG.runSuitesSequentially(TestNG.java:1224)
                        	at org.testng.TestNG.runSuitesLocally(TestNG.java:1149)
                        	at org.testng.TestNG.run(TestNG.java:1057)
                        	at org.testng.TestNG.privateMain(TestNG.java:1364)
                        	at org.testng.TestNG.main(TestNG.java:1333)
                     </pre>
                  </div>
               </td>
            </tr>
            <tr id="TestCases.LoginTests_verifyErrMsgWhenUserNameFieldIsEmptyOnLoginPage_byClass_SKIP3_row"
                class="testMethodStatusSKIP">
               <td width="100%" class="firstMethodCell">
                  <a onclick="toggleDetailsVisibility('TestCases.LoginTests_verifyErrMsgWhenUserNameFieldIsEmptyOnLoginPage_byClass_SKIP3_details')">verifyErrMsgWhenUserNameFieldIsEmptyOnLoginPage({UserName Error Message=XrequiredX})</a>
               </td>
               <td nowrap="true">14:43:46</td>
               <td nowrap="true" align="right">1 ms
                  
               </td>
               <td nowrap="true">
                  <a onclick="toggleDetailsVisibility('TestCases.LoginTests_verifyErrMsgWhenUserNameFieldIsEmptyOnLoginPage_byClass_SKIP3_exception')">org.testng.SkipException: 
                     Run Mode Set to No
                     
                  </a>
                   
                  
               </td>
            </tr>
            <tr>
               <td colspan="4" class="detailsBox">
                  <div id="TestCases.LoginTests_verifyErrMsgWhenUserNameFieldIsEmptyOnLoginPage_byClass_SKIP3_details"
                       class="testMethodDetails">
                     <div>
                        <b>Name: </b>verifyErrMsgWhenUserNameFieldIsEmptyOnLoginPage
                     </div>
                     <div>
                        <b>Signature: </b>verifyErrMsgWhenUserNameFieldIsEmptyOnLoginPage(java.util.Hashtable)[pri:0, instance:TestCases.LoginTests@23493578]
                     </div>
                     <div>
                        <b>Parameters: </b>
                        
                        {UserName Error Message=XrequiredX}
                        
                        
                     </div>
                     <div>
                        <b>Start time: </b>14:43:46
                     </div>
                     <div>
                        <b>End time: </b>14:43:46
                     </div>
                     <div>
                        <b>Duration: </b>1 ms
                        
                     </div>
                  </div>
               </td>
            </tr>
            <tr>
               <td colspan="4" class="detailsBox">
                  <div id="TestCases.LoginTests_verifyErrMsgWhenUserNameFieldIsEmptyOnLoginPage_byClass_SKIP3_exception"
                       class="testMethodDetails">
                     <pre style="padding: 5px; margin: 0;">org.testng.SkipException: Run Mode Set to No
                        	at TestCases.LoginTests.verifyErrMsgWhenUserNameFieldIsEmptyOnLoginPage(LoginTests.java:251)
                        	at sun.reflect.NativeMethodAccessorImpl.invoke0(Native Method)
                        	at sun.reflect.NativeMethodAccessorImpl.invoke(Unknown Source)
                        	at sun.reflect.DelegatingMethodAccessorImpl.invoke(Unknown Source)
                        	at java.lang.reflect.Method.invoke(Unknown Source)
                        	at org.testng.internal.MethodInvocationHelper.invokeMethod(MethodInvocationHelper.java:84)
                        	at org.testng.internal.Invoker.invokeMethod(Invoker.java:714)
                        	at org.testng.internal.Invoker.invokeTestMethod(Invoker.java:901)
                        	at org.testng.internal.Invoker.invokeTestMethods(Invoker.java:1231)
                        	at org.testng.internal.TestMethodWorker.invokeTestMethods(TestMethodWorker.java:127)
                        	at org.testng.internal.TestMethodWorker.run(TestMethodWorker.java:111)
                        	at org.testng.TestRunner.privateRun(TestRunner.java:767)
                        	at org.testng.TestRunner.run(TestRunner.java:617)
                        	at org.testng.SuiteRunner.runTest(SuiteRunner.java:334)
                        	at org.testng.SuiteRunner.runSequentially(SuiteRunner.java:329)
                        	at org.testng.SuiteRunner.privateRun(SuiteRunner.java:291)
                        	at org.testng.SuiteRunner.run(SuiteRunner.java:240)
                        	at org.testng.SuiteRunnerWorker.runSuite(SuiteRunnerWorker.java:52)
                        	at org.testng.SuiteRunnerWorker.run(SuiteRunnerWorker.java:86)
                        	at org.testng.TestNG.runSuitesSequentially(TestNG.java:1224)
                        	at org.testng.TestNG.runSuitesLocally(TestNG.java:1149)
                        	at org.testng.TestNG.run(TestNG.java:1057)
                        	at org.testng.TestNG.privateMain(TestNG.java:1364)
                        	at org.testng.TestNG.main(TestNG.java:1333)
                     </pre>
                  </div>
               </td>
            </tr>
            <tr id="TestCases.LoginTests_verifyLoginWithValidCredentials_byClass_FAIL4_row"
                class="testMethodStatusFAIL">
               <td width="100%" class="firstMethodCell">
                  <a onclick="toggleDetailsVisibility('TestCases.LoginTests_verifyLoginWithValidCredentials_byClass_FAIL4_details')">verifyLoginWithValidCredentials({Password=, UserName=ValidUsername, Company Id=ValidCompanyId})</a>
               </td>
               <td nowrap="true">14:43:46</td>
               <td nowrap="true" align="right">14s
                  
               </td>
               <td nowrap="true">
                  <a onclick="toggleDetailsVisibility('TestCases.LoginTests_verifyLoginWithValidCredentials_byClass_FAIL4_exception')">java.lang.AssertionError: 
                     expected [The test case should execute successfully] but found [Some error occured]
                     
                  </a>
                   
                  
               </td>
            </tr>
            <tr>
               <td colspan="4" class="detailsBox">
                  <div id="TestCases.LoginTests_verifyLoginWithValidCredentials_byClass_FAIL4_details"
                       class="testMethodDetails">
                     <div>
                        <b>Name: </b>verifyLoginWithValidCredentials
                     </div>
                     <div>
                        <b>Signature: </b>verifyLoginWithValidCredentials(java.util.Hashtable)[pri:0, instance:TestCases.LoginTests@23493578]
                     </div>
                     <div>
                        <b>Parameters: </b>
                        
                        {Password=, UserName=ValidUsername, Company Id=ValidCompanyId}
                        
                        
                     </div>
                     <div>
                        <b>Start time: </b>14:43:46
                     </div>
                     <div>
                        <b>End time: </b>14:44:01
                     </div>
                     <div>
                        <b>Duration: </b>14s
                        
                     </div>
                  </div>
               </td>
            </tr>
            <tr>
               <td colspan="4" class="detailsBox">
                  <div id="TestCases.LoginTests_verifyLoginWithValidCredentials_byClass_FAIL4_exception"
                       class="testMethodDetails">
                     <pre style="padding: 5px; margin: 0;">java.lang.AssertionError: expected [The test case should execute successfully] but found [Some error occured]
                        	at org.testng.Assert.fail(Assert.java:94)
                        	at org.testng.Assert.failNotEquals(Assert.java:494)
                        	at org.testng.Assert.assertEquals(Assert.java:123)
                        	at org.testng.Assert.assertEquals(Assert.java:176)
                        	at org.testng.Assert.assertEquals(Assert.java:186)
                        	at TestCases.LoginTests.verifyLoginWithValidCredentials(LoginTests.java:111)
                        	at sun.reflect.NativeMethodAccessorImpl.invoke0(Native Method)
                        	at sun.reflect.NativeMethodAccessorImpl.invoke(Unknown Source)
                        	at sun.reflect.DelegatingMethodAccessorImpl.invoke(Unknown Source)
                        	at java.lang.reflect.Method.invoke(Unknown Source)
                        	at org.testng.internal.MethodInvocationHelper.invokeMethod(MethodInvocationHelper.java:84)
                        	at org.testng.internal.Invoker.invokeMethod(Invoker.java:714)
                        	at org.testng.internal.Invoker.invokeTestMethod(Invoker.java:901)
                        	at org.testng.internal.Invoker.invokeTestMethods(Invoker.java:1231)
                        	at org.testng.internal.TestMethodWorker.invokeTestMethods(TestMethodWorker.java:127)
                        	at org.testng.internal.TestMethodWorker.run(TestMethodWorker.java:111)
                        	at org.testng.TestRunner.privateRun(TestRunner.java:767)
                        	at org.testng.TestRunner.run(TestRunner.java:617)
                        	at org.testng.SuiteRunner.runTest(SuiteRunner.java:334)
                        	at org.testng.SuiteRunner.runSequentially(SuiteRunner.java:329)
                        	at org.testng.SuiteRunner.privateRun(SuiteRunner.java:291)
                        	at org.testng.SuiteRunner.run(SuiteRunner.java:240)
                        	at org.testng.SuiteRunnerWorker.runSuite(SuiteRunnerWorker.java:52)
                        	at org.testng.SuiteRunnerWorker.run(SuiteRunnerWorker.java:86)
                        	at org.testng.TestNG.runSuitesSequentially(TestNG.java:1224)
                        	at org.testng.TestNG.runSuitesLocally(TestNG.java:1149)
                        	at org.testng.TestNG.run(TestNG.java:1057)
                        	at org.testng.TestNG.privateMain(TestNG.java:1364)
                        	at org.testng.TestNG.main(TestNG.java:1333)
                     </pre>
                  </div>
               </td>
            </tr>
            <tr id="TestCases.LoginTests_verifyScreenComponentsOnLoginPage_byClass_SKIP5_row"
                class="testMethodStatusSKIP">
               <td width="100%" class="firstMethodCell">
                  <a onclick="toggleDetailsVisibility('TestCases.LoginTests_verifyScreenComponentsOnLoginPage_byClass_SKIP5_details')">verifyScreenComponentsOnLoginPage()</a>
               </td>
               <td nowrap="true">14:44:01</td>
               <td nowrap="true" align="right">1 ms
                  
               </td>
               <td nowrap="true">
                  <a onclick="toggleDetailsVisibility('TestCases.LoginTests_verifyScreenComponentsOnLoginPage_byClass_SKIP5_exception')">org.testng.SkipException: 
                     Run Mode Set to No
                     
                  </a>
                   
                  
               </td>
            </tr>
            <tr>
               <td colspan="4" class="detailsBox">
                  <div id="TestCases.LoginTests_verifyScreenComponentsOnLoginPage_byClass_SKIP5_details"
                       class="testMethodDetails">
                     <div>
                        <b>Name: </b>verifyScreenComponentsOnLoginPage
                     </div>
                     <div>
                        <b>Signature: </b>verifyScreenComponentsOnLoginPage()[pri:0, instance:TestCases.LoginTests@23493578]
                     </div>
                     <div>
                        <b>Start time: </b>14:44:01
                     </div>
                     <div>
                        <b>End time: </b>14:44:01
                     </div>
                     <div>
                        <b>Duration: </b>1 ms
                        
                     </div>
                  </div>
               </td>
            </tr>
            <tr>
               <td colspan="4" class="detailsBox">
                  <div id="TestCases.LoginTests_verifyScreenComponentsOnLoginPage_byClass_SKIP5_exception"
                       class="testMethodDetails">
                     <pre style="padding: 5px; margin: 0;">org.testng.SkipException: Run Mode Set to No
                        	at TestCases.LoginTests.verifyScreenComponentsOnLoginPage(LoginTests.java:142)
                        	at sun.reflect.NativeMethodAccessorImpl.invoke0(Native Method)
                        	at sun.reflect.NativeMethodAccessorImpl.invoke(Unknown Source)
                        	at sun.reflect.DelegatingMethodAccessorImpl.invoke(Unknown Source)
                        	at java.lang.reflect.Method.invoke(Unknown Source)
                        	at org.testng.internal.MethodInvocationHelper.invokeMethod(MethodInvocationHelper.java:84)
                        	at org.testng.internal.Invoker.invokeMethod(Invoker.java:714)
                        	at org.testng.internal.Invoker.invokeTestMethod(Invoker.java:901)
                        	at org.testng.internal.Invoker.invokeTestMethods(Invoker.java:1231)
                        	at org.testng.internal.TestMethodWorker.invokeTestMethods(TestMethodWorker.java:127)
                        	at org.testng.internal.TestMethodWorker.run(TestMethodWorker.java:111)
                        	at org.testng.TestRunner.privateRun(TestRunner.java:767)
                        	at org.testng.TestRunner.run(TestRunner.java:617)
                        	at org.testng.SuiteRunner.runTest(SuiteRunner.java:334)
                        	at org.testng.SuiteRunner.runSequentially(SuiteRunner.java:329)
                        	at org.testng.SuiteRunner.privateRun(SuiteRunner.java:291)
                        	at org.testng.SuiteRunner.run(SuiteRunner.java:240)
                        	at org.testng.SuiteRunnerWorker.runSuite(SuiteRunnerWorker.java:52)
                        	at org.testng.SuiteRunnerWorker.run(SuiteRunnerWorker.java:86)
                        	at org.testng.TestNG.runSuitesSequentially(TestNG.java:1224)
                        	at org.testng.TestNG.runSuitesLocally(TestNG.java:1149)
                        	at org.testng.TestNG.run(TestNG.java:1057)
                        	at org.testng.TestNG.privateMain(TestNG.java:1364)
                        	at org.testng.TestNG.main(TestNG.java:1333)
                     </pre>
                  </div>
               </td>
            </tr>
         </table>
         <br></br>
      </div>
      <div style="margin-top: 15px; color: gray; text-align: center; font-size: 9px;">
         Generated with
         
         <a href="http://code.google.com/p/testng-xslt/" style="color: #8888aa;"
            target="_blank">
            TestNG XSLT
            
         </a>
      </div>
   </body>
</html>